** Drc report for rover-circuit.kicad_pcb **
** Created on 2026-05-21T18:32:25 **
** Report includes: Errors, Warnings **

** Found 0 DRC violations **

** Found 0 unconnected pads **

** Found 0 Footprint errors **

** Ignored checks **
    - Via is not connected or connected on only one layer
    - Track has unconnected end
    - Footprint has no courtyard defined
    - Track endpoint not centered on via
    - Tuning profile track geometries
    - Duplicate footprints
    - Missing footprint
    - Extra footprint
    - Footprint doesn't match symbol's footprint filters
    - Silkscreen clearance
    - Silkscreen clipped by board edge
    - PTH inside courtyard
    - NPTH inside courtyard
    - Footprint component type doesn't match footprint pads
    - Footprint doesn't match copy in library

** End of Report **
